<?xml version="1.0" encoding="UTF-8"?>
<testsuite name="StringBarTest" tests="2" skipped="0" failures="0" errors="0" timestamp="2021-12-14T19:58:41" hostname="MBP-de-Manuel" time="0.002">
  <properties/>
  <testcase name="happyHour()" classname="StringBarTest" time="0.001"/>
  <testcase name="orderStringRecipe()" classname="StringBarTest" time="0.0"/>
  <system-out><![CDATA[]]></system-out>
  <system-err><![CDATA[]]></system-err>
</testsuite>
