<?xml version="1.0" encoding="UTF-8"?>
<testsuite name="StringCaseChangerTest" tests="1" skipped="0" failures="0" errors="0" timestamp="2021-12-14T19:58:41" hostname="MBP-de-Manuel" time="0.001">
  <properties/>
  <testcase name="stringCaseChanger()" classname="StringCaseChangerTest" time="0.001"/>
  <system-out><![CDATA[]]></system-out>
  <system-err><![CDATA[]]></system-err>
</testsuite>
