<?xml version="1.0" encoding="UTF-8"?>
<testsuite name="HumanClientTest" tests="2" skipped="0" failures="0" errors="0" timestamp="2021-12-14T18:41:22" hostname="MBP-de-Manuel" time="0.512">
  <properties/>
  <testcase name="removeObserver()" classname="HumanClientTest" time="0.505"/>
  <testcase name="addObserver()" classname="HumanClientTest" time="0.006"/>
  <system-out><![CDATA[]]></system-out>
  <system-err><![CDATA[]]></system-err>
</testsuite>
